<?xml version="1.0" encoding="UTF-8"?>
<!-- Generated by org.testng.reporters.JUnitXMLReporter -->
<testsuite hostname="Kanna" ignored="0" name="Default test" tests="3" failures="0" timestamp="2022-06-20T11:24:14 IST" time="0.203" errors="0">
  <testcase name="data" time="0.016" classname="com.testing.Dataprovider_Task"/>
  <testcase name="data" time="0.002" classname="com.testing.Dataprovider_Task"/>
  <testcase name="data" time="0.002" classname="com.testing.Dataprovider_Task"/>
</testsuite> <!-- Default test -->
