<?xml version="1.0" encoding="UTF-8"?>
<testng-results skipped="0" failed="0" ignored="0" total="3" passed="3">
  <reporter-output>
  </reporter-output>
  <suite name="Default suite" duration-ms="203" started-at="2022-06-20T11:24:14 IST" finished-at="2022-06-20T11:24:14 IST">
    <groups>
    </groups>
    <test name="Default test" duration-ms="203" started-at="2022-06-20T11:24:14 IST" finished-at="2022-06-20T11:24:14 IST">
      <class name="com.testing.Dataprovider_Task">
        <test-method status="PASS" signature="data(java.lang.String,java.lang.String)[pri:0, instance:com.testing.Dataprovider_Task@3043fe0e]" name="data" duration-ms="16" started-at="2022-06-20T11:24:14 IST" data-provider="input" finished-at="2022-06-20T11:24:14 IST">
          <params>
            <param index="0">
              <value>
                <![CDATA[santhosh]]>
              </value>
            </param>
            <param index="1">
              <value>
                <![CDATA[1234]]>
              </value>
            </param>
          </params>
          <reporter-output>
          </reporter-output>
        </test-method> <!-- data -->
        <test-method status="PASS" signature="data(java.lang.String,java.lang.String)[pri:0, instance:com.testing.Dataprovider_Task@3043fe0e]" name="data" duration-ms="2" started-at="2022-06-20T11:24:14 IST" data-provider="input" finished-at="2022-06-20T11:24:14 IST">
          <params>
            <param index="0">
              <value>
                <![CDATA[kanna]]>
              </value>
            </param>
            <param index="1">
              <value>
                <![CDATA[5678]]>
              </value>
            </param>
          </params>
          <reporter-output>
          </reporter-output>
        </test-method> <!-- data -->
        <test-method status="PASS" signature="data(java.lang.String,java.lang.String)[pri:0, instance:com.testing.Dataprovider_Task@3043fe0e]" name="data" duration-ms="2" started-at="2022-06-20T11:24:14 IST" data-provider="input" finished-at="2022-06-20T11:24:14 IST">
          <params>
            <param index="0">
              <value>
                <![CDATA[worth]]>
              </value>
            </param>
            <param index="1">
              <value>
                <![CDATA[9123]]>
              </value>
            </param>
          </params>
          <reporter-output>
          </reporter-output>
        </test-method> <!-- data -->
      </class> <!-- com.testing.Dataprovider_Task -->
    </test> <!-- Default test -->
  </suite> <!-- Default suite -->
</testng-results>
